Determining if the Q_WS_WIN exist failed with the following output:
Change Dir: /home/antonio/Documents/CSIM-Toolkits/Slicer/CLI/AnomalousFiltersExtension-build/CMakeFiles/CMakeTmp

Run Build Command:"/usr/bin/make" "cmTryCompileExec539063438/fast"
/usr/bin/make -f CMakeFiles/cmTryCompileExec539063438.dir/build.make CMakeFiles/cmTryCompileExec539063438.dir/build
make[1]: Entering directory `/home/antonio/Documents/CSIM-Toolkits/Slicer/CLI/AnomalousFiltersExtension-build/CMakeFiles/CMakeTmp'
/usr/local/bin/cmake -E cmake_progress_report /home/antonio/Documents/CSIM-Toolkits/Slicer/CLI/AnomalousFiltersExtension-build/CMakeFiles/CMakeTmp/CMakeFiles 1
Building CXX object CMakeFiles/cmTryCompileExec539063438.dir/CheckSymbolExists.cxx.o
/usr/bin/c++    -I/qt-everywhere-opensource-release-build-4.8.6/include    -o CMakeFiles/cmTryCompileExec539063438.dir/CheckSymbolExists.cxx.o -c /home/antonio/Documents/CSIM-Toolkits/Slicer/CLI/AnomalousFiltersExtension-build/CMakeFiles/CMakeTmp/CheckSymbolExists.cxx
/home/antonio/Documents/CSIM-Toolkits/Slicer/CLI/AnomalousFiltersExtension-build/CMakeFiles/CMakeTmp/CheckSymbolExists.cxx: In function ‘int main(int, char**)’:
/home/antonio/Documents/CSIM-Toolkits/Slicer/CLI/AnomalousFiltersExtension-build/CMakeFiles/CMakeTmp/CheckSymbolExists.cxx:8:19: error: ‘Q_WS_WIN’ was not declared in this scope
   return ((int*)(&Q_WS_WIN))[argc];
                   ^
make[1]: *** [CMakeFiles/cmTryCompileExec539063438.dir/CheckSymbolExists.cxx.o] Error 1
make[1]: Leaving directory `/home/antonio/Documents/CSIM-Toolkits/Slicer/CLI/AnomalousFiltersExtension-build/CMakeFiles/CMakeTmp'
make: *** [cmTryCompileExec539063438/fast] Error 2

File /home/antonio/Documents/CSIM-Toolkits/Slicer/CLI/AnomalousFiltersExtension-build/CMakeFiles/CMakeTmp/CheckSymbolExists.cxx:
/* */
#include <QtCore/qglobal.h>

int main(int argc, char** argv)
{
  (void)argv;
#ifndef Q_WS_WIN
  return ((int*)(&Q_WS_WIN))[argc];
#else
  (void)argc;
  return 0;
#endif
}

Determining if the Q_WS_QWS exist failed with the following output:
Change Dir: /home/antonio/Documents/CSIM-Toolkits/Slicer/CLI/AnomalousFiltersExtension-build/CMakeFiles/CMakeTmp

Run Build Command:"/usr/bin/make" "cmTryCompileExec2948118605/fast"
/usr/bin/make -f CMakeFiles/cmTryCompileExec2948118605.dir/build.make CMakeFiles/cmTryCompileExec2948118605.dir/build
make[1]: Entering directory `/home/antonio/Documents/CSIM-Toolkits/Slicer/CLI/AnomalousFiltersExtension-build/CMakeFiles/CMakeTmp'
/usr/local/bin/cmake -E cmake_progress_report /home/antonio/Documents/CSIM-Toolkits/Slicer/CLI/AnomalousFiltersExtension-build/CMakeFiles/CMakeTmp/CMakeFiles 1
Building CXX object CMakeFiles/cmTryCompileExec2948118605.dir/CheckSymbolExists.cxx.o
/usr/bin/c++    -I/qt-everywhere-opensource-release-build-4.8.6/include    -o CMakeFiles/cmTryCompileExec2948118605.dir/CheckSymbolExists.cxx.o -c /home/antonio/Documents/CSIM-Toolkits/Slicer/CLI/AnomalousFiltersExtension-build/CMakeFiles/CMakeTmp/CheckSymbolExists.cxx
/home/antonio/Documents/CSIM-Toolkits/Slicer/CLI/AnomalousFiltersExtension-build/CMakeFiles/CMakeTmp/CheckSymbolExists.cxx: In function ‘int main(int, char**)’:
/home/antonio/Documents/CSIM-Toolkits/Slicer/CLI/AnomalousFiltersExtension-build/CMakeFiles/CMakeTmp/CheckSymbolExists.cxx:8:19: error: ‘Q_WS_QWS’ was not declared in this scope
   return ((int*)(&Q_WS_QWS))[argc];
                   ^
make[1]: *** [CMakeFiles/cmTryCompileExec2948118605.dir/CheckSymbolExists.cxx.o] Error 1
make[1]: Leaving directory `/home/antonio/Documents/CSIM-Toolkits/Slicer/CLI/AnomalousFiltersExtension-build/CMakeFiles/CMakeTmp'
make: *** [cmTryCompileExec2948118605/fast] Error 2

File /home/antonio/Documents/CSIM-Toolkits/Slicer/CLI/AnomalousFiltersExtension-build/CMakeFiles/CMakeTmp/CheckSymbolExists.cxx:
/* */
#include <QtCore/qglobal.h>

int main(int argc, char** argv)
{
  (void)argv;
#ifndef Q_WS_QWS
  return ((int*)(&Q_WS_QWS))[argc];
#else
  (void)argc;
  return 0;
#endif
}

Determining if the Q_WS_MAC exist failed with the following output:
Change Dir: /home/antonio/Documents/CSIM-Toolkits/Slicer/CLI/AnomalousFiltersExtension-build/CMakeFiles/CMakeTmp

Run Build Command:"/usr/bin/make" "cmTryCompileExec1291406575/fast"
/usr/bin/make -f CMakeFiles/cmTryCompileExec1291406575.dir/build.make CMakeFiles/cmTryCompileExec1291406575.dir/build
make[1]: Entering directory `/home/antonio/Documents/CSIM-Toolkits/Slicer/CLI/AnomalousFiltersExtension-build/CMakeFiles/CMakeTmp'
/usr/local/bin/cmake -E cmake_progress_report /home/antonio/Documents/CSIM-Toolkits/Slicer/CLI/AnomalousFiltersExtension-build/CMakeFiles/CMakeTmp/CMakeFiles 1
Building CXX object CMakeFiles/cmTryCompileExec1291406575.dir/CheckSymbolExists.cxx.o
/usr/bin/c++    -I/qt-everywhere-opensource-release-build-4.8.6/include    -o CMakeFiles/cmTryCompileExec1291406575.dir/CheckSymbolExists.cxx.o -c /home/antonio/Documents/CSIM-Toolkits/Slicer/CLI/AnomalousFiltersExtension-build/CMakeFiles/CMakeTmp/CheckSymbolExists.cxx
/home/antonio/Documents/CSIM-Toolkits/Slicer/CLI/AnomalousFiltersExtension-build/CMakeFiles/CMakeTmp/CheckSymbolExists.cxx: In function ‘int main(int, char**)’:
/home/antonio/Documents/CSIM-Toolkits/Slicer/CLI/AnomalousFiltersExtension-build/CMakeFiles/CMakeTmp/CheckSymbolExists.cxx:8:19: error: ‘Q_WS_MAC’ was not declared in this scope
   return ((int*)(&Q_WS_MAC))[argc];
                   ^
make[1]: *** [CMakeFiles/cmTryCompileExec1291406575.dir/CheckSymbolExists.cxx.o] Error 1
make[1]: Leaving directory `/home/antonio/Documents/CSIM-Toolkits/Slicer/CLI/AnomalousFiltersExtension-build/CMakeFiles/CMakeTmp'
make: *** [cmTryCompileExec1291406575/fast] Error 2

File /home/antonio/Documents/CSIM-Toolkits/Slicer/CLI/AnomalousFiltersExtension-build/CMakeFiles/CMakeTmp/CheckSymbolExists.cxx:
/* */
#include <QtCore/qglobal.h>

int main(int argc, char** argv)
{
  (void)argv;
#ifndef Q_WS_MAC
  return ((int*)(&Q_WS_MAC))[argc];
#else
  (void)argc;
  return 0;
#endif
}

Determining if the CXX compiler accepts the flag -features=no%anachronisms passed with the following output:
Change Dir: /home/antonio/Documents/CSIM-Toolkits/Slicer/CLI/AnomalousFiltersExtension-build/CMakeFiles/CMakeTmp

Run Build Command:"/usr/bin/make" "cmTryCompileExec3828943356/fast"
/usr/bin/make -f CMakeFiles/cmTryCompileExec3828943356.dir/build.make CMakeFiles/cmTryCompileExec3828943356.dir/build
make[1]: Entering directory `/home/antonio/Documents/CSIM-Toolkits/Slicer/CLI/AnomalousFiltersExtension-build/CMakeFiles/CMakeTmp'
/usr/local/bin/cmake -E cmake_progress_report /home/antonio/Documents/CSIM-Toolkits/Slicer/CLI/AnomalousFiltersExtension-build/CMakeFiles/CMakeTmp/CMakeFiles 1
Building CXX object CMakeFiles/cmTryCompileExec3828943356.dir/src.cxx.o
/usr/bin/c++    -Wno-array-bounds -msse2   -ftemplate-depth-50 -fno-tree-vectorize -features=no%anachronisms   -o CMakeFiles/cmTryCompileExec3828943356.dir/src.cxx.o -c /home/antonio/Documents/CSIM-Toolkits/Slicer/CLI/AnomalousFiltersExtension-build/CMakeFiles/CMakeTmp/src.cxx
c++: error: unrecognized command line option ‘-features=no%anachronisms’
make[1]: Leaving directory `/home/antonio/Documents/CSIM-Toolkits/Slicer/CLI/AnomalousFiltersExtension-build/CMakeFiles/CMakeTmp'
make[1]: *** [CMakeFiles/cmTryCompileExec3828943356.dir/src.cxx.o] Error 1
make: *** [cmTryCompileExec3828943356/fast] Error 2

Source file was:
int main() { return 0;}

